{"C:\\Users\\disrct\\Desktop\\Jão Carvalho\\CICD\\index.js": {"path":"C:\\Users\\disrct\\Desktop\\Jão Carvalho\\CICD\\index.js","statementMap":{"0":{"start":{"line":1,"column":16},"end":{"line":1,"column":34}},"1":{"start":{"line":3,"column":12},"end":{"line":3,"column":21}},"2":{"start":{"line":5,"column":0},"end":{"line":5,"column":26}},"3":{"start":{"line":6,"column":0},"end":{"line":6,"column":33}},"4":{"start":{"line":8,"column":13},"end":{"line":8,"column":17}},"5":{"start":{"line":9,"column":15},"end":{"line":9,"column":79}},"6":{"start":{"line":9,"column":38},"end":{"line":9,"column":78}},"7":{"start":{"line":11,"column":0},"end":{"line":11,"column":23}}},"fnMap":{"0":{"name":"(anonymous_0)","decl":{"start":{"line":9,"column":32},"end":{"line":9,"column":33}},"loc":{"start":{"line":9,"column":38},"end":{"line":9,"column":78}},"line":9}},"branchMap":{},"s":{"0":1,"1":1,"2":1,"3":1,"4":1,"5":1,"6":1,"7":1},"f":{"0":1},"b":{},"_coverageSchema":"1a1c01bbd47fc00a2c39e90264f33305004495a9","hash":"c96ad14b145519a1962026e06d52de85291cd3a1"}
,"C:\\Users\\disrct\\Desktop\\Jão Carvalho\\CICD\\controller\\User.js": {"path":"C:\\Users\\disrct\\Desktop\\Jão Carvalho\\CICD\\controller\\User.js","statementMap":{"0":{"start":{"line":1,"column":13},"end":{"line":1,"column":38}},"1":{"start":{"line":5,"column":8},"end":{"line":10,"column":9}},"2":{"start":{"line":6,"column":26},"end":{"line":6,"column":70}},"3":{"start":{"line":7,"column":12},"end":{"line":7,"column":47}},"4":{"start":{"line":9,"column":12},"end":{"line":9,"column":67}},"5":{"start":{"line":14,"column":0},"end":{"line":14,"column":32}}},"fnMap":{"0":{"name":"(anonymous_0)","decl":{"start":{"line":4,"column":4},"end":{"line":4,"column":5}},"loc":{"start":{"line":4,"column":32},"end":{"line":11,"column":5}},"line":4}},"branchMap":{},"s":{"0":1,"1":1,"2":1,"3":1,"4":0,"5":1},"f":{"0":1},"b":{},"_coverageSchema":"1a1c01bbd47fc00a2c39e90264f33305004495a9","hash":"ffe6d29de6fa5a6ba92722d7b77b4ed28aba8ab6"}
,"C:\\Users\\disrct\\Desktop\\Jão Carvalho\\CICD\\routes\\user.js": {"path":"C:\\Users\\disrct\\Desktop\\Jão Carvalho\\CICD\\routes\\user.js","statementMap":{"0":{"start":{"line":1,"column":16},"end":{"line":1,"column":34}},"1":{"start":{"line":2,"column":15},"end":{"line":2,"column":31}},"2":{"start":{"line":3,"column":23},"end":{"line":3,"column":52}},"3":{"start":{"line":5,"column":0},"end":{"line":6,"column":36}},"4":{"start":{"line":9,"column":0},"end":{"line":9,"column":24}}},"fnMap":{},"branchMap":{},"s":{"0":1,"1":1,"2":1,"3":1,"4":1},"f":{},"b":{},"_coverageSchema":"1a1c01bbd47fc00a2c39e90264f33305004495a9","hash":"a0faf35a7b0771558b0a6e905639ed7e415a0e4e"}
,"C:\\Users\\disrct\\Desktop\\Jão Carvalho\\CICD\\src\\common\\calc.js": {"path":"C:\\Users\\disrct\\Desktop\\Jão Carvalho\\CICD\\src\\common\\calc.js","statementMap":{"0":{"start":{"line":2,"column":4},"end":{"line":2,"column":17}},"1":{"start":{"line":6,"column":4},"end":{"line":6,"column":17}},"2":{"start":{"line":10,"column":4},"end":{"line":10,"column":17}},"3":{"start":{"line":14,"column":4},"end":{"line":19,"column":5}},"4":{"start":{"line":15,"column":8},"end":{"line":15,"column":22}},"5":{"start":{"line":18,"column":8},"end":{"line":18,"column":21}},"6":{"start":{"line":23,"column":16},"end":{"line":23,"column":17}},"7":{"start":{"line":25,"column":4},"end":{"line":29,"column":5}},"8":{"start":{"line":25,"column":17},"end":{"line":25,"column":18}},"9":{"start":{"line":26,"column":8},"end":{"line":28,"column":9}},"10":{"start":{"line":27,"column":12},"end":{"line":27,"column":20}},"11":{"start":{"line":31,"column":4},"end":{"line":36,"column":5}},"12":{"start":{"line":32,"column":8},"end":{"line":32,"column":23}},"13":{"start":{"line":35,"column":8},"end":{"line":35,"column":29}},"14":{"start":{"line":40,"column":4},"end":{"line":42,"column":5}},"15":{"start":{"line":41,"column":8},"end":{"line":41,"column":22}},"16":{"start":{"line":44,"column":12},"end":{"line":44,"column":14}},"17":{"start":{"line":45,"column":14},"end":{"line":45,"column":15}},"18":{"start":{"line":47,"column":4},"end":{"line":49,"column":5}},"19":{"start":{"line":47,"column":17},"end":{"line":47,"column":18}},"20":{"start":{"line":48,"column":8},"end":{"line":48,"column":32}},"21":{"start":{"line":51,"column":4},"end":{"line":51,"column":24}},"22":{"start":{"line":52,"column":4},"end":{"line":52,"column":11}},"23":{"start":{"line":53,"column":4},"end":{"line":53,"column":12}},"24":{"start":{"line":55,"column":4},"end":{"line":57,"column":5}},"25":{"start":{"line":56,"column":8},"end":{"line":56,"column":14}},"26":{"start":{"line":59,"column":4},"end":{"line":61,"column":5}},"27":{"start":{"line":59,"column":17},"end":{"line":59,"column":18}},"28":{"start":{"line":60,"column":8},"end":{"line":60,"column":26}},"29":{"start":{"line":63,"column":4},"end":{"line":63,"column":24}},"30":{"start":{"line":65,"column":4},"end":{"line":67,"column":5}},"31":{"start":{"line":66,"column":8},"end":{"line":66,"column":14}},"32":{"start":{"line":69,"column":4},"end":{"line":74,"column":5}},"33":{"start":{"line":70,"column":8},"end":{"line":70,"column":28}},"34":{"start":{"line":73,"column":8},"end":{"line":73,"column":22}},"35":{"start":{"line":77,"column":0},"end":{"line":77,"column":63}}},"fnMap":{"0":{"name":"Soma","decl":{"start":{"line":1,"column":9},"end":{"line":1,"column":13}},"loc":{"start":{"line":1,"column":20},"end":{"line":3,"column":1}},"line":1},"1":{"name":"Sub","decl":{"start":{"line":5,"column":9},"end":{"line":5,"column":12}},"loc":{"start":{"line":5,"column":19},"end":{"line":7,"column":1}},"line":5},"2":{"name":"Mult","decl":{"start":{"line":9,"column":9},"end":{"line":9,"column":13}},"loc":{"start":{"line":9,"column":20},"end":{"line":11,"column":1}},"line":9},"3":{"name":"Div","decl":{"start":{"line":13,"column":9},"end":{"line":13,"column":12}},"loc":{"start":{"line":13,"column":19},"end":{"line":20,"column":1}},"line":13},"4":{"name":"Cousin","decl":{"start":{"line":22,"column":9},"end":{"line":22,"column":15}},"loc":{"start":{"line":22,"column":19},"end":{"line":37,"column":1}},"line":22},"5":{"name":"CPF_verifier","decl":{"start":{"line":39,"column":9},"end":{"line":39,"column":21}},"loc":{"start":{"line":39,"column":27},"end":{"line":75,"column":1}},"line":39}},"branchMap":{"0":{"loc":{"start":{"line":14,"column":4},"end":{"line":19,"column":5}},"type":"if","locations":[{"start":{"line":14,"column":4},"end":{"line":19,"column":5}},{"start":{"line":17,"column":9},"end":{"line":19,"column":5}}],"line":14},"1":{"loc":{"start":{"line":26,"column":8},"end":{"line":28,"column":9}},"type":"if","locations":[{"start":{"line":26,"column":8},"end":{"line":28,"column":9}},{"start":{},"end":{}}],"line":26},"2":{"loc":{"start":{"line":31,"column":4},"end":{"line":36,"column":5}},"type":"if","locations":[{"start":{"line":31,"column":4},"end":{"line":36,"column":5}},{"start":{"line":34,"column":9},"end":{"line":36,"column":5}}],"line":31},"3":{"loc":{"start":{"line":40,"column":4},"end":{"line":42,"column":5}},"type":"if","locations":[{"start":{"line":40,"column":4},"end":{"line":42,"column":5}},{"start":{},"end":{}}],"line":40},"4":{"loc":{"start":{"line":55,"column":4},"end":{"line":57,"column":5}},"type":"if","locations":[{"start":{"line":55,"column":4},"end":{"line":57,"column":5}},{"start":{},"end":{}}],"line":55},"5":{"loc":{"start":{"line":65,"column":4},"end":{"line":67,"column":5}},"type":"if","locations":[{"start":{"line":65,"column":4},"end":{"line":67,"column":5}},{"start":{},"end":{}}],"line":65},"6":{"loc":{"start":{"line":69,"column":4},"end":{"line":74,"column":5}},"type":"if","locations":[{"start":{"line":69,"column":4},"end":{"line":74,"column":5}},{"start":{"line":72,"column":9},"end":{"line":74,"column":5}}],"line":69},"7":{"loc":{"start":{"line":69,"column":8},"end":{"line":69,"column":35}},"type":"binary-expr","locations":[{"start":{"line":69,"column":8},"end":{"line":69,"column":19}},{"start":{"line":69,"column":23},"end":{"line":69,"column":35}}],"line":69}},"s":{"0":1,"1":1,"2":1,"3":2,"4":1,"5":1,"6":6,"7":6,"8":6,"9":63,"10":19,"11":6,"12":3,"13":3,"14":8,"15":1,"16":7,"17":7,"18":7,"19":7,"20":63,"21":7,"22":7,"23":7,"24":7,"25":1,"26":7,"27":7,"28":70,"29":7,"30":7,"31":4,"32":7,"33":6,"34":1,"35":1},"f":{"0":1,"1":1,"2":1,"3":2,"4":6,"5":8},"b":{"0":[1,1],"1":[19,44],"2":[3,3],"3":[1,7],"4":[1,6],"5":[4,3],"6":[6,1],"7":[7,6]},"_coverageSchema":"1a1c01bbd47fc00a2c39e90264f33305004495a9","hash":"474836b4525fc5262c7bd4f0c7935f27c1f1aa39"}
,"C:\\Users\\disrct\\Desktop\\Jão Carvalho\\CICD\\startup\\db.js": {"path":"C:\\Users\\disrct\\Desktop\\Jão Carvalho\\CICD\\startup\\db.js","statementMap":{"0":{"start":{"line":1,"column":17},"end":{"line":1,"column":36}},"1":{"start":{"line":2,"column":15},"end":{"line":2,"column":32}},"2":{"start":{"line":4,"column":0},"end":{"line":12,"column":2}},"3":{"start":{"line":5,"column":15},"end":{"line":5,"column":31}},"4":{"start":{"line":7,"column":4},"end":{"line":11,"column":5}},"5":{"start":{"line":8,"column":8},"end":{"line":10,"column":78}},"6":{"start":{"line":9,"column":24},"end":{"line":9,"column":57}},"7":{"start":{"line":10,"column":26},"end":{"line":10,"column":76}}},"fnMap":{"0":{"name":"(anonymous_0)","decl":{"start":{"line":4,"column":17},"end":{"line":4,"column":18}},"loc":{"start":{"line":4,"column":28},"end":{"line":12,"column":1}},"line":4},"1":{"name":"(anonymous_1)","decl":{"start":{"line":9,"column":18},"end":{"line":9,"column":19}},"loc":{"start":{"line":9,"column":24},"end":{"line":9,"column":57}},"line":9},"2":{"name":"(anonymous_2)","decl":{"start":{"line":10,"column":19},"end":{"line":10,"column":20}},"loc":{"start":{"line":10,"column":26},"end":{"line":10,"column":76}},"line":10}},"branchMap":{"0":{"loc":{"start":{"line":7,"column":4},"end":{"line":11,"column":5}},"type":"if","locations":[{"start":{"line":7,"column":4},"end":{"line":11,"column":5}},{"start":{},"end":{}}],"line":7}},"s":{"0":1,"1":1,"2":1,"3":1,"4":1,"5":1,"6":1,"7":0},"f":{"0":1,"1":1,"2":0},"b":{"0":[1,0]},"_coverageSchema":"1a1c01bbd47fc00a2c39e90264f33305004495a9","hash":"888d68fe086110189fa6de7a8a6b552430bea9bf"}
,"C:\\Users\\disrct\\Desktop\\Jão Carvalho\\CICD\\startup\\routes.js": {"path":"C:\\Users\\disrct\\Desktop\\Jão Carvalho\\CICD\\startup\\routes.js","statementMap":{"0":{"start":{"line":1,"column":16},"end":{"line":1,"column":34}},"1":{"start":{"line":2,"column":13},"end":{"line":2,"column":38}},"2":{"start":{"line":4,"column":0},"end":{"line":8,"column":1}},"3":{"start":{"line":5,"column":4},"end":{"line":7,"column":31}}},"fnMap":{"0":{"name":"(anonymous_0)","decl":{"start":{"line":4,"column":17},"end":{"line":4,"column":18}},"loc":{"start":{"line":4,"column":26},"end":{"line":8,"column":1}},"line":4}},"branchMap":{},"s":{"0":1,"1":1,"2":1,"3":1},"f":{"0":1},"b":{},"_coverageSchema":"1a1c01bbd47fc00a2c39e90264f33305004495a9","hash":"b61daddb07b5b3b01ef6840d7cc70d6b06c79053"}
}
