TN:
SF:src\common\calc.js
FN:1,Soma
FN:5,Sub
FN:9,Mult
FN:13,Div
FN:22,Cousin
FN:39,CPF_verifier
FNF:6
FNH:6
FNDA:1,Soma
FNDA:1,Sub
FNDA:1,Mult
FNDA:2,Div
FNDA:6,Cousin
FNDA:8,CPF_verifier
DA:2,1
DA:6,1
DA:10,1
DA:14,2
DA:15,1
DA:18,1
DA:23,6
DA:25,6
DA:26,63
DA:27,19
DA:31,6
DA:32,3
DA:35,3
DA:40,8
DA:41,1
DA:44,7
DA:45,7
DA:47,7
DA:48,63
DA:51,7
DA:52,7
DA:53,7
DA:55,7
DA:56,1
DA:59,7
DA:60,70
DA:63,7
DA:65,7
DA:66,4
DA:69,7
DA:70,6
DA:73,1
DA:77,1
LF:33
LH:33
BRDA:14,0,0,1
BRDA:14,0,1,1
BRDA:26,1,0,19
BRDA:26,1,1,44
BRDA:31,2,0,3
BRDA:31,2,1,3
BRDA:40,3,0,1
BRDA:40,3,1,7
BRDA:55,4,0,1
BRDA:55,4,1,6
BRDA:65,5,0,4
BRDA:65,5,1,3
BRDA:69,6,0,6
BRDA:69,6,1,1
BRDA:69,7,0,7
BRDA:69,7,1,6
BRF:16
BRH:16
end_of_record
